{"ts": "2026-06-17T11:05:27.199132+00:00", "url": "https://www.twitch.tv/videos/2333402159", "duration_ms": 5454, "cache_hit": false, "status": "success", "client_ip": "localhost"}
{"ts": "2026-06-17T11:07:11.388331+00:00", "url": "https://market.yandex.ru/product--veb-kamera-logitech-mx-brio/103592209?sku=102975809103&uniqueId=28694956&do-waremd5=OwXVtNw3yRQbFjXjr08NhQ", "duration_ms": 2896, "cache_hit": false, "status": "success", "client_ip": "localhost"}
{"ts": "2026-06-17T11:16:56.100666+00:00", "url": "https://www.youtube.com", "duration_ms": 3255, "cache_hit": false, "status": "success", "client_ip": "localhost"}
{"ts": "2026-06-17T11:27:10.338377+00:00", "url": "https://www.twitch.tv", "duration_ms": 5826, "cache_hit": false, "status": "success", "client_ip": "localhost"}
{"ts": "2026-06-17T11:37:17.941214+00:00", "url": "https://vk.com", "duration_ms": 2338, "cache_hit": false, "status": "success", "client_ip": "localhost"}
{"ts": "2026-06-17T11:41:06.036654+00:00", "url": "https://vk.com", "duration_ms": 2170, "cache_hit": false, "status": "success", "client_ip": "localhost"}
{"ts": "2026-06-17T11:41:38.559141+00:00", "url": "https://github.com", "duration_ms": 2408, "cache_hit": false, "status": "success", "client_ip": "localhost"}
{"ts": "2026-06-17T11:44:35.721208+00:00", "url": "https://www.ozon.ru", "duration_ms": 1728, "cache_hit": false, "status": "success", "client_ip": "localhost"}
{"ts": "2026-06-17T11:47:19.992531+00:00", "url": "https://market.yandex.ru", "duration_ms": 4953, "cache_hit": false, "status": "success", "client_ip": "localhost"}
{"ts": "2026-06-17T11:47:55.939988+00:00", "url": "https://www.google.com", "duration_ms": 2440, "cache_hit": false, "status": "success", "client_ip": "localhost"}
{"ts": "2026-06-17T11:48:14.613997+00:00", "url": "https://yandex.ru", "duration_ms": 2020, "cache_hit": false, "status": "success", "client_ip": "localhost"}
{"ts": "2026-06-17T11:49:24.159000+00:00", "url": "https://www.youtube.com", "duration_ms": 4173, "cache_hit": false, "status": "success", "client_ip": "localhost"}
{"ts": "2026-06-17T11:50:25.559468+00:00", "url": "https://www.twitch.tv", "duration_ms": 11517, "cache_hit": false, "status": "success", "client_ip": "localhost"}
{"ts": "2026-06-17T11:50:48.460715+00:00", "url": "https://www.twitch.tv", "duration_ms": 15747, "cache_hit": true, "status": "error", "client_ip": "localhost", "error": "database is locked"}
{"ts": "2026-06-17T11:51:38.499023+00:00", "url": "https://www.twitch.tv", "duration_ms": 5740, "cache_hit": false, "status": "error", "client_ip": "localhost", "error": "check_for_degradation() takes 3 positional arguments but 4 were given"}
{"ts": "2026-06-17T11:51:57.319150+00:00", "url": "https://www.twitch.tv", "duration_ms": 15720, "cache_hit": true, "status": "error", "client_ip": "localhost", "error": "database is locked"}
{"ts": "2026-06-17T11:52:05.499544+00:00", "url": "https://www.twitch.tv", "duration_ms": 15904, "cache_hit": true, "status": "error", "client_ip": "localhost", "error": "database is locked"}
{"ts": "2026-06-17T11:52:21.558947+00:00", "url": "https://www.twitch.tv", "duration_ms": 25449, "cache_hit": true, "status": "error", "client_ip": "localhost", "error": "database is locked"}
{"ts": "2026-06-17T11:57:20.666183+00:00", "url": "https://www.twitch.tv", "duration_ms": 6199, "cache_hit": false, "status": "success", "client_ip": "localhost"}
{"ts": "2026-06-17T11:57:48.964094+00:00", "url": "https://sivatskiy-michael.vercel.app/?lang=ru", "duration_ms": 2175, "cache_hit": false, "status": "success", "client_ip": "localhost"}
{"ts": "2026-06-17T12:00:54.934077+00:00", "url": "https://www.google.com", "duration_ms": 2504, "cache_hit": false, "status": "success", "client_ip": "localhost"}
{"ts": "2026-06-17T12:05:43.921647+00:00", "url": "https://t.me", "duration_ms": 2700, "cache_hit": false, "status": "success", "client_ip": "localhost"}
{"ts": "2026-06-17T12:25:49.725800+00:00", "url": "https://github.com", "duration_ms": 2359, "cache_hit": false, "status": "success", "client_ip": "localhost"}
{"ts": "2026-06-17T12:26:49.996748+00:00", "url": "https://stackoverflow.com", "duration_ms": 3660, "cache_hit": false, "status": "success", "client_ip": "localhost"}
{"ts": "2026-06-17T12:27:05.537074+00:00", "url": "https://www.youtube.com", "duration_ms": 3357, "cache_hit": false, "status": "success", "client_ip": "localhost"}
{"ts": "2026-06-17T12:27:25.952756+00:00", "url": "https://www.twitch.tv", "duration_ms": 10450, "cache_hit": false, "status": "success", "client_ip": "localhost"}
{"ts": "2026-06-17T12:27:40.059776+00:00", "url": "https://www.tiktok.com", "duration_ms": 3536, "cache_hit": false, "status": "success", "client_ip": "localhost"}
{"ts": "2026-06-17T12:28:15.799055+00:00", "url": "https://github.com", "duration_ms": 2345, "cache_hit": true, "status": "success", "client_ip": "localhost"}
